# JRE version: OpenJDK Runtime Environment (8.0_202-b03) (build 1.8.0_202-release-1483-b03)
# Java VM: OpenJDK 64-Bit Server VM (25.202-b03 mixed mode windows-amd64 compressed oops)
Heap:
 PSYoungGen      total 74240K, used 72783K [0x00000000e0000000, 0x00000000e5c00000, 0x0000000100000000)
  eden space 61440K, 97% used [0x00000000e0000000,0x00000000e3a949a0,0x00000000e3c00000)
  from space 12800K, 99% used [0x00000000e4b00000,0x00000000e577f270,0x00000000e5780000)
  to   space 15360K, 0% used [0x00000000e3c00000,0x00000000e3c00000,0x00000000e4b00000)
 ParOldGen       total 94208K, used 34851K [0x00000000a0000000, 0x00000000a5c00000, 0x00000000e0000000)
  object space 94208K, 36% used [0x00000000a0000000,0x00000000a2208fc0,0x00000000a5c00000)
 Metaspace       used 70247K, capacity 72652K, committed 72920K, reserved 1112064K
  class space    used 9348K, capacity 9898K, committed 9984K, reserved 1048576K
GC Heap History (10 events):
Event: 91.944 GC heap before
{Heap before GC invocations=29 (full 3):
 PSYoungGen      total 64000K, used 5498K [0x00000000e0000000, 0x00000000e4b00000, 0x0000000100000000)
  eden space 53248K, 0% used [0x00000000e0000000,0x00000000e0000000,0x00000000e3400000)
  from space 10752K, 51% used [0x00000000e4080000,0x00000000e45de870,0x00000000e4b00000)
  to   space 11776K, 0% used [0x00000000e3400000,0x00000000e3400000,0x00000000e3f80000)
 ParOldGen       total 59392K, used 31639K [0x00000000a0000000, 0x00000000a3a00000, 0x00000000e0000000)
  object space 59392K, 53% used [0x00000000a0000000,0x00000000a1ee5fa0,0x00000000a3a00000)
 Metaspace       used 57095K, capacity 58912K, committed 59096K, reserved 1099776K
  class space    used 7654K, capacity 8068K, committed 8192K, reserved 1048576K
Event: 92.980 GC heap after
Heap after GC invocations=29 (full 3):
 PSYoungGen      total 64000K, used 0K [0x00000000e0000000, 0x00000000e4b00000, 0x0000000100000000)
  eden space 53248K, 0% used [0x00000000e0000000,0x00000000e0000000,0x00000000e3400000)
  from space 10752K, 0% used [0x00000000e4080000,0x00000000e4080000,0x00000000e4b00000)
  to   space 11776K, 0% used [0x00000000e3400000,0x00000000e3400000,0x00000000e3f80000)
 ParOldGen       total 94208K, used 32362K [0x00000000a0000000, 0x00000000a5c00000, 0x00000000e0000000)
  object space 94208K, 34% used [0x00000000a0000000,0x00000000a1f9a890,0x00000000a5c00000)
 Metaspace       used 57069K, capacity 58824K, committed 59096K, reserved 1099776K
  class space    used 7647K, capacity 8060K, committed 8192K, reserved 1048576K
}
Event: 99.061 GC heap before
{Heap before GC invocations=30 (full 3):
 PSYoungGen      total 64000K, used 53248K [0x00000000e0000000, 0x00000000e4b00000, 0x0000000100000000)
  eden space 53248K, 100% used [0x00000000e0000000,0x00000000e3400000,0x00000000e3400000)
  from space 10752K, 0% used [0x00000000e4080000,0x00000000e4080000,0x00000000e4b00000)
  to   space 11776K, 0% used [0x00000000e3400000,0x00000000e3400000,0x00000000e3f80000)
 ParOldGen       total 94208K, used 32362K [0x00000000a0000000, 0x00000000a5c00000, 0x00000000e0000000)
  object space 94208K, 34% used [0x00000000a0000000,0x00000000a1f9a890,0x00000000a5c00000)
 Metaspace       used 59861K, capacity 61892K, committed 62040K, reserved 1103872K
  class space    used 8072K, capacity 8546K, committed 8576K, reserved 1048576K
Event: 99.145 GC heap after
Heap after GC invocations=30 (full 3):
 PSYoungGen      total 65024K, used 4658K [0x00000000e0000000, 0x00000000e5000000, 0x0000000100000000)
  eden space 53248K, 0% used [0x00000000e0000000,0x00000000e0000000,0x00000000e3400000)
  from space 11776K, 39% used [0x00000000e3400000,0x00000000e388c8e8,0x00000000e3f80000)
  to   space 11264K, 0% used [0x00000000e4500000,0x00000000e4500000,0x00000000e5000000)
 ParOldGen       total 94208K, used 32370K [0x00000000a0000000, 0x00000000a5c00000, 0x00000000e0000000)
  object space 94208K, 34% used [0x00000000a0000000,0x00000000a1f9c890,0x00000000a5c00000)
 Metaspace       used 59861K, capacity 61892K, committed 62040K, reserved 1103872K
  class space    used 8072K, capacity 8546K, committed 8576K, reserved 1048576K
}
Event: 106.539 GC heap before
{Heap before GC invocations=31 (full 3):
 PSYoungGen      total 65024K, used 57906K [0x00000000e0000000, 0x00000000e5000000, 0x0000000100000000)
  eden space 53248K, 100% used [0x00000000e0000000,0x00000000e3400000,0x00000000e3400000)
  from space 11776K, 39% used [0x00000000e3400000,0x00000000e388c8e8,0x00000000e3f80000)
  to   space 11264K, 0% used [0x00000000e4500000,0x00000000e4500000,0x00000000e5000000)
 ParOldGen       total 94208K, used 32370K [0x00000000a0000000, 0x00000000a5c00000, 0x00000000e0000000)
  object space 94208K, 34% used [0x00000000a0000000,0x00000000a1f9c890,0x00000000a5c00000)
 Metaspace       used 62946K, capacity 65052K, committed 65368K, reserved 1105920K
  class space    used 8538K, capacity 9049K, committed 9088K, reserved 1048576K
Event: 106.568 GC heap after
Heap after GC invocations=31 (full 3):
 PSYoungGen      total 68608K, used 7528K [0x00000000e0000000, 0x00000000e4f00000, 0x0000000100000000)
  eden space 58368K, 0% used [0x00000000e0000000,0x00000000e0000000,0x00000000e3900000)
  from space 10240K, 73% used [0x00000000e4500000,0x00000000e4c5a170,0x00000000e4f00000)
  to   space 11264K, 0% used [0x00000000e3900000,0x00000000e3900000,0x00000000e4400000)
 ParOldGen       total 94208K, used 32378K [0x00000000a0000000, 0x00000000a5c00000, 0x00000000e0000000)
  object space 94208K, 34% used [0x00000000a0000000,0x00000000a1f9e890,0x00000000a5c00000)
 Metaspace       used 62946K, capacity 65052K, committed 65368K, reserved 1105920K
  class space    used 8538K, capacity 9049K, committed 9088K, reserved 1048576K
}
Event: 115.119 GC heap before
{Heap before GC invocations=32 (full 3):
 PSYoungGen      total 68608K, used 65896K [0x00000000e0000000, 0x00000000e4f00000, 0x0000000100000000)
  eden space 58368K, 100% used [0x00000000e0000000,0x00000000e3900000,0x00000000e3900000)
  from space 10240K, 73% used [0x00000000e4500000,0x00000000e4c5a170,0x00000000e4f00000)
  to   space 11264K, 0% used [0x00000000e3900000,0x00000000e3900000,0x00000000e4400000)
 ParOldGen       total 94208K, used 32378K [0x00000000a0000000, 0x00000000a5c00000, 0x00000000e0000000)
  object space 94208K, 34% used [0x00000000a0000000,0x00000000a1f9e890,0x00000000a5c00000)
 Metaspace       used 65746K, capacity 67986K, committed 68312K, reserved 1107968K
  class space    used 8897K, capacity 9393K, committed 9472K, reserved 1048576K
Event: 115.171 GC heap after
Heap after GC invocations=32 (full 3):
 PSYoungGen      total 69632K, used 10785K [0x00000000e0000000, 0x00000000e5780000, 0x0000000100000000)
  eden space 58368K, 0% used [0x00000000e0000000,0x00000000e0000000,0x00000000e3900000)
  from space 11264K, 95% used [0x00000000e3900000,0x00000000e43885a0,0x00000000e4400000)
  to   space 12800K, 0% used [0x00000000e4b00000,0x00000000e4b00000,0x00000000e5780000)
 ParOldGen       total 94208K, used 32386K [0x00000000a0000000, 0x00000000a5c00000, 0x00000000e0000000)
  object space 94208K, 34% used [0x00000000a0000000,0x00000000a1fa0890,0x00000000a5c00000)
 Metaspace       used 65746K, capacity 67986K, committed 68312K, reserved 1107968K
  class space    used 8897K, capacity 9393K, committed 9472K, reserved 1048576K
}
Event: 124.337 GC heap before
{Heap before GC invocations=33 (full 3):
 PSYoungGen      total 69632K, used 69153K [0x00000000e0000000, 0x00000000e5780000, 0x0000000100000000)
  eden space 58368K, 100% used [0x00000000e0000000,0x00000000e3900000,0x00000000e3900000)
  from space 11264K, 95% used [0x00000000e3900000,0x00000000e43885a0,0x00000000e4400000)
  to   space 12800K, 0% used [0x00000000e4b00000,0x00000000e4b00000,0x00000000e5780000)
 ParOldGen       total 94208K, used 32386K [0x00000000a0000000, 0x00000000a5c00000, 0x00000000e0000000)
  object space 94208K, 34% used [0x00000000a0000000,0x00000000a1fa0890,0x00000000a5c00000)
 Metaspace       used 69318K, capacity 71722K, committed 71896K, reserved 1112064K
  class space    used 9312K, capacity 9857K, committed 9984K, reserved 1048576K
Event: 124.383 GC heap after
Heap after GC invocations=33 (full 3):
 PSYoungGen      total 74240K, used 12796K [0x00000000e0000000, 0x00000000e5c00000, 0x0000000100000000)
  eden space 61440K, 0% used [0x00000000e0000000,0x00000000e0000000,0x00000000e3c00000)
  from space 12800K, 99% used [0x00000000e4b00000,0x00000000e577f270,0x00000000e5780000)
  to   space 15360K, 0% used [0x00000000e3c00000,0x00000000e3c00000,0x00000000e4b00000)
 ParOldGen       total 94208K, used 34851K [0x00000000a0000000, 0x00000000a5c00000, 0x00000000e0000000)
  object space 94208K, 36% used [0x00000000a0000000,0x00000000a2208fc0,0x00000000a5c00000)
 Metaspace       used 69318K, capacity 71722K, committed 71896K, reserved 1112064K
  class space    used 9312K, capacity 9857K, committed 9984K, reserved 1048576K
}

