# JRE version: OpenJDK Runtime Environment (8.0_202-b03) (build 1.8.0_202-release-1483-b03)
# Java VM: OpenJDK 64-Bit Server VM (25.202-b03 mixed mode windows-amd64 compressed oops)
Heap:
 PSYoungGen      total 148992K, used 55208K [0x00000000e0000000, 0x00000000ea200000, 0x0000000100000000)
  eden space 133120K, 41% used [0x00000000e0000000,0x00000000e35ea098,0x00000000e8200000)
  from space 15872K, 0% used [0x00000000e9280000,0x00000000e9280000,0x00000000ea200000)
  to   space 16384K, 0% used [0x00000000e8200000,0x00000000e8200000,0x00000000e9200000)
 ParOldGen       total 82944K, used 48004K [0x00000000a0000000, 0x00000000a5100000, 0x00000000e0000000)
  object space 82944K, 57% used [0x00000000a0000000,0x00000000a2ee1190,0x00000000a5100000)
 Metaspace       used 76846K, capacity 79816K, committed 80216K, reserved 1118208K
  class space    used 9899K, capacity 10533K, committed 10624K, reserved 1048576K
GC Heap History (10 events):
Event: 520.052 GC heap before
{Heap before GC invocations=36 (full 3):
 PSYoungGen      total 108544K, used 92969K [0x00000000e0000000, 0x00000000e7b00000, 0x0000000100000000)
  eden space 92160K, 100% used [0x00000000e0000000,0x00000000e5a00000,0x00000000e5a00000)
  from space 16384K, 4% used [0x00000000e6a80000,0x00000000e6b4a720,0x00000000e7a80000)
  to   space 16896K, 0% used [0x00000000e5a00000,0x00000000e5a00000,0x00000000e6a80000)
 ParOldGen       total 58880K, used 48678K [0x00000000a0000000, 0x00000000a3980000, 0x00000000e0000000)
  object space 58880K, 82% used [0x00000000a0000000,0x00000000a2f89818,0x00000000a3980000)
 Metaspace       used 75255K, capacity 77850K, committed 78040K, reserved 1116160K
  class space    used 9799K, capacity 10369K, committed 10496K, reserved 1048576K
Event: 520.069 GC heap after
Heap after GC invocations=36 (full 3):
 PSYoungGen      total 109056K, used 1367K [0x00000000e0000000, 0x00000000e9000000, 0x0000000100000000)
  eden space 92160K, 0% used [0x00000000e0000000,0x00000000e0000000,0x00000000e5a00000)
  from space 16896K, 8% used [0x00000000e5a00000,0x00000000e5b55df0,0x00000000e6a80000)
  to   space 17408K, 0% used [0x00000000e7f00000,0x00000000e7f00000,0x00000000e9000000)
 ParOldGen       total 58880K, used 48854K [0x00000000a0000000, 0x00000000a3980000, 0x00000000e0000000)
  object space 58880K, 82% used [0x00000000a0000000,0x00000000a2fb5828,0x00000000a3980000)
 Metaspace       used 75255K, capacity 77850K, committed 78040K, reserved 1116160K
  class space    used 9799K, capacity 10369K, committed 10496K, reserved 1048576K
}
Event: 653.662 GC heap before
{Heap before GC invocations=37 (full 3):
 PSYoungGen      total 109056K, used 93527K [0x00000000e0000000, 0x00000000e9000000, 0x0000000100000000)
  eden space 92160K, 100% used [0x00000000e0000000,0x00000000e5a00000,0x00000000e5a00000)
  from space 16896K, 8% used [0x00000000e5a00000,0x00000000e5b55df0,0x00000000e6a80000)
  to   space 17408K, 0% used [0x00000000e7f00000,0x00000000e7f00000,0x00000000e9000000)
 ParOldGen       total 58880K, used 48854K [0x00000000a0000000, 0x00000000a3980000, 0x00000000e0000000)
  object space 58880K, 82% used [0x00000000a0000000,0x00000000a2fb5828,0x00000000a3980000)
 Metaspace       used 76086K, capacity 79004K, committed 79064K, reserved 1118208K
  class space    used 9877K, capacity 10471K, committed 10496K, reserved 1048576K
Event: 653.696 GC heap after
Heap after GC invocations=37 (full 3):
 PSYoungGen      total 126976K, used 3880K [0x00000000e0000000, 0x00000000e8e00000, 0x0000000100000000)
  eden space 111616K, 0% used [0x00000000e0000000,0x00000000e0000000,0x00000000e6d00000)
  from space 15360K, 25% used [0x00000000e7f00000,0x00000000e82ca3f8,0x00000000e8e00000)
  to   space 16896K, 0% used [0x00000000e6d00000,0x00000000e6d00000,0x00000000e7d80000)
 ParOldGen       total 58880K, used 49110K [0x00000000a0000000, 0x00000000a3980000, 0x00000000e0000000)
  object space 58880K, 83% used [0x00000000a0000000,0x00000000a2ff5808,0x00000000a3980000)
 Metaspace       used 76086K, capacity 79004K, committed 79064K, reserved 1118208K
  class space    used 9877K, capacity 10471K, committed 10496K, reserved 1048576K
}
Event: 684.362 GC heap before
{Heap before GC invocations=38 (full 3):
 PSYoungGen      total 126976K, used 115496K [0x00000000e0000000, 0x00000000e8e00000, 0x0000000100000000)
  eden space 111616K, 100% used [0x00000000e0000000,0x00000000e6d00000,0x00000000e6d00000)
  from space 15360K, 25% used [0x00000000e7f00000,0x00000000e82ca3f8,0x00000000e8e00000)
  to   space 16896K, 0% used [0x00000000e6d00000,0x00000000e6d00000,0x00000000e7d80000)
 ParOldGen       total 58880K, used 49110K [0x00000000a0000000, 0x00000000a3980000, 0x00000000e0000000)
  object space 58880K, 83% used [0x00000000a0000000,0x00000000a2ff5808,0x00000000a3980000)
 Metaspace       used 76837K, capacity 79960K, committed 80216K, reserved 1118208K
  class space    used 9916K, capacity 10555K, committed 10624K, reserved 1048576K
Event: 684.417 GC heap after
Heap after GC invocations=38 (full 3):
 PSYoungGen      total 128512K, used 5420K [0x00000000e0000000, 0x00000000ea200000, 0x0000000100000000)
  eden space 111616K, 0% used [0x00000000e0000000,0x00000000e0000000,0x00000000e6d00000)
  from space 16896K, 32% used [0x00000000e6d00000,0x00000000e724b2e0,0x00000000e7d80000)
  to   space 15872K, 0% used [0x00000000e9280000,0x00000000e9280000,0x00000000ea200000)
 ParOldGen       total 58880K, used 52306K [0x00000000a0000000, 0x00000000a3980000, 0x00000000e0000000)
  object space 58880K, 88% used [0x00000000a0000000,0x00000000a3314bc0,0x00000000a3980000)
 Metaspace       used 76837K, capacity 79960K, committed 80216K, reserved 1118208K
  class space    used 9916K, capacity 10555K, committed 10624K, reserved 1048576K
}
Event: 694.566 GC heap before
{Heap before GC invocations=39 (full 3):
 PSYoungGen      total 128512K, used 117035K [0x00000000e0000000, 0x00000000ea200000, 0x0000000100000000)
  eden space 111616K, 99% used [0x00000000e0000000,0x00000000e6cffa20,0x00000000e6d00000)
  from space 16896K, 32% used [0x00000000e6d00000,0x00000000e724b2e0,0x00000000e7d80000)
  to   space 15872K, 0% used [0x00000000e9280000,0x00000000e9280000,0x00000000ea200000)
 ParOldGen       total 58880K, used 52306K [0x00000000a0000000, 0x00000000a3980000, 0x00000000e0000000)
  object space 58880K, 88% used [0x00000000a0000000,0x00000000a3314bc0,0x00000000a3980000)
 Metaspace       used 76906K, capacity 80024K, committed 80216K, reserved 1118208K
  class space    used 9916K, capacity 10555K, committed 10624K, reserved 1048576K
Event: 694.586 GC heap after
Heap after GC invocations=39 (full 3):
 PSYoungGen      total 148992K, used 416K [0x00000000e0000000, 0x00000000ea200000, 0x0000000100000000)
  eden space 133120K, 0% used [0x00000000e0000000,0x00000000e0000000,0x00000000e8200000)
  from space 15872K, 2% used [0x00000000e9280000,0x00000000e92e8000,0x00000000ea200000)
  to   space 16384K, 0% used [0x00000000e8200000,0x00000000e8200000,0x00000000e9200000)
 ParOldGen       total 58880K, used 55759K [0x00000000a0000000, 0x00000000a3980000, 0x00000000e0000000)
  object space 58880K, 94% used [0x00000000a0000000,0x00000000a3673d10,0x00000000a3980000)
 Metaspace       used 76906K, capacity 80024K, committed 80216K, reserved 1118208K
  class space    used 9916K, capacity 10555K, committed 10624K, reserved 1048576K
}
Event: 694.623 GC heap before
{Heap before GC invocations=40 (full 4):
 PSYoungGen      total 148992K, used 416K [0x00000000e0000000, 0x00000000ea200000, 0x0000000100000000)
  eden space 133120K, 0% used [0x00000000e0000000,0x00000000e0000000,0x00000000e8200000)
  from space 15872K, 2% used [0x00000000e9280000,0x00000000e92e8000,0x00000000ea200000)
  to   space 16384K, 0% used [0x00000000e8200000,0x00000000e8200000,0x00000000e9200000)
 ParOldGen       total 58880K, used 55759K [0x00000000a0000000, 0x00000000a3980000, 0x00000000e0000000)
  object space 58880K, 94% used [0x00000000a0000000,0x00000000a3673d10,0x00000000a3980000)
 Metaspace       used 76906K, capacity 80024K, committed 80216K, reserved 1118208K
  class space    used 9916K, capacity 10555K, committed 10624K, reserved 1048576K
Event: 695.830 GC heap after
Heap after GC invocations=40 (full 4):
 PSYoungGen      total 148992K, used 0K [0x00000000e0000000, 0x00000000ea200000, 0x0000000100000000)
  eden space 133120K, 0% used [0x00000000e0000000,0x00000000e0000000,0x00000000e8200000)
  from space 15872K, 0% used [0x00000000e9280000,0x00000000e9280000,0x00000000ea200000)
  to   space 16384K, 0% used [0x00000000e8200000,0x00000000e8200000,0x00000000e9200000)
 ParOldGen       total 82944K, used 48004K [0x00000000a0000000, 0x00000000a5100000, 0x00000000e0000000)
  object space 82944K, 57% used [0x00000000a0000000,0x00000000a2ee1190,0x00000000a5100000)
 Metaspace       used 76844K, capacity 79816K, committed 80216K, reserved 1118208K
  class space    used 9899K, capacity 10533K, committed 10624K, reserved 1048576K
}

