# JRE version: OpenJDK Runtime Environment (8.0_202-b03) (build 1.8.0_202-release-1483-b03)
# Java VM: OpenJDK 64-Bit Server VM (25.202-b03 mixed mode windows-amd64 compressed oops)
Heap:
 PSYoungGen      total 463360K, used 98922K [0x00000000e0000000, 0x0000000100000000, 0x0000000100000000)
  eden space 425472K, 21% used [0x00000000e0000000,0x00000000e5aae5a0,0x00000000f9f80000)
  from space 37888K, 16% used [0x00000000f9f80000,0x00000000fa56c5e0,0x00000000fc480000)
  to   space 36352K, 0% used [0x00000000fdc80000,0x00000000fdc80000,0x0000000100000000)
 ParOldGen       total 183296K, used 149575K [0x00000000a0000000, 0x00000000ab300000, 0x00000000e0000000)
  object space 183296K, 81% used [0x00000000a0000000,0x00000000a9211d90,0x00000000ab300000)
 Metaspace       used 90149K, capacity 94414K, committed 95272K, reserved 1132544K
  class space    used 11488K, capacity 12331K, committed 12584K, reserved 1048576K
GC Heap History (10 events):
Event: 21857.185 GC heap before
{Heap before GC invocations=81 (full 6):
 PSYoungGen      total 366592K, used 327680K [0x00000000e0000000, 0x00000000f9600000, 0x0000000100000000)
  eden space 322560K, 100% used [0x00000000e0000000,0x00000000f3b00000,0x00000000f3b00000)
  from space 44032K, 11% used [0x00000000f6b00000,0x00000000f7000000,0x00000000f9600000)
  to   space 46592K, 0% used [0x00000000f3b00000,0x00000000f3b00000,0x00000000f6880000)
 ParOldGen       total 183296K, used 119932K [0x00000000a0000000, 0x00000000ab300000, 0x00000000e0000000)
  object space 183296K, 65% used [0x00000000a0000000,0x00000000a751f268,0x00000000ab300000)
 Metaspace       used 90088K, capacity 94396K, committed 95272K, reserved 1132544K
  class space    used 11486K, capacity 12330K, committed 12584K, reserved 1048576K
Event: 21857.248 GC heap after
Heap after GC invocations=81 (full 6):
 PSYoungGen      total 369152K, used 5712K [0x00000000e0000000, 0x00000000fc480000, 0x0000000100000000)
  eden space 322560K, 0% used [0x00000000e0000000,0x00000000e0000000,0x00000000f3b00000)
  from space 46592K, 12% used [0x00000000f3b00000,0x00000000f4094020,0x00000000f6880000)
  to   space 45056K, 0% used [0x00000000f9880000,0x00000000f9880000,0x00000000fc480000)
 ParOldGen       total 183296K, used 125044K [0x00000000a0000000, 0x00000000ab300000, 0x00000000e0000000)
  object space 183296K, 68% used [0x00000000a0000000,0x00000000a7a1d288,0x00000000ab300000)
 Metaspace       used 90088K, capacity 94396K, committed 95272K, reserved 1132544K
  class space    used 11486K, capacity 12330K, committed 12584K, reserved 1048576K
}
Event: 21861.055 GC heap before
{Heap before GC invocations=82 (full 6):
 PSYoungGen      total 369152K, used 328272K [0x00000000e0000000, 0x00000000fc480000, 0x0000000100000000)
  eden space 322560K, 100% used [0x00000000e0000000,0x00000000f3b00000,0x00000000f3b00000)
  from space 46592K, 12% used [0x00000000f3b00000,0x00000000f4094020,0x00000000f6880000)
  to   space 45056K, 0% used [0x00000000f9880000,0x00000000f9880000,0x00000000fc480000)
 ParOldGen       total 183296K, used 125044K [0x00000000a0000000, 0x00000000ab300000, 0x00000000e0000000)
  object space 183296K, 68% used [0x00000000a0000000,0x00000000a7a1d288,0x00000000ab300000)
 Metaspace       used 90095K, capacity 94400K, committed 95272K, reserved 1132544K
  class space    used 11486K, capacity 12330K, committed 12584K, reserved 1048576K
Event: 21861.095 GC heap after
Heap after GC invocations=82 (full 6):
 PSYoungGen      total 408064K, used 10587K [0x00000000e0000000, 0x00000000fbc80000, 0x0000000100000000)
  eden space 371200K, 0% used [0x00000000e0000000,0x00000000e0000000,0x00000000f6a80000)
  from space 36864K, 28% used [0x00000000f9880000,0x00000000fa2d6db8,0x00000000fbc80000)
  to   space 41984K, 0% used [0x00000000f6a80000,0x00000000f6a80000,0x00000000f9380000)
 ParOldGen       total 183296K, used 130107K [0x00000000a0000000, 0x00000000ab300000, 0x00000000e0000000)
  object space 183296K, 70% used [0x00000000a0000000,0x00000000a7f0efb8,0x00000000ab300000)
 Metaspace       used 90095K, capacity 94400K, committed 95272K, reserved 1132544K
  class space    used 11486K, capacity 12330K, committed 12584K, reserved 1048576K
}
Event: 21865.412 GC heap before
{Heap before GC invocations=83 (full 6):
 PSYoungGen      total 408064K, used 381787K [0x00000000e0000000, 0x00000000fbc80000, 0x0000000100000000)
  eden space 371200K, 100% used [0x00000000e0000000,0x00000000f6a80000,0x00000000f6a80000)
  from space 36864K, 28% used [0x00000000f9880000,0x00000000fa2d6db8,0x00000000fbc80000)
  to   space 41984K, 0% used [0x00000000f6a80000,0x00000000f6a80000,0x00000000f9380000)
 ParOldGen       total 183296K, used 130107K [0x00000000a0000000, 0x00000000ab300000, 0x00000000e0000000)
  object space 183296K, 70% used [0x00000000a0000000,0x00000000a7f0efb8,0x00000000ab300000)
 Metaspace       used 90098K, capacity 94404K, committed 95272K, reserved 1132544K
  class space    used 11486K, capacity 12330K, committed 12584K, reserved 1048576K
Event: 21865.516 GC heap after
Heap after GC invocations=83 (full 6):
 PSYoungGen      total 413184K, used 4704K [0x00000000e0000000, 0x00000000ff100000, 0x0000000100000000)
  eden space 371200K, 0% used [0x00000000e0000000,0x00000000e0000000,0x00000000f6a80000)
  from space 41984K, 11% used [0x00000000f6a80000,0x00000000f6f18000,0x00000000f9380000)
  to   space 40448K, 0% used [0x00000000fc980000,0x00000000fc980000,0x00000000ff100000)
 ParOldGen       total 183296K, used 139525K [0x00000000a0000000, 0x00000000ab300000, 0x00000000e0000000)
  object space 183296K, 76% used [0x00000000a0000000,0x00000000a88415b8,0x00000000ab300000)
 Metaspace       used 90098K, capacity 94404K, committed 95272K, reserved 1132544K
  class space    used 11486K, capacity 12330K, committed 12584K, reserved 1048576K
}
Event: 21871.349 GC heap before
{Heap before GC invocations=84 (full 6):
 PSYoungGen      total 413184K, used 375904K [0x00000000e0000000, 0x00000000ff100000, 0x0000000100000000)
  eden space 371200K, 100% used [0x00000000e0000000,0x00000000f6a80000,0x00000000f6a80000)
  from space 41984K, 11% used [0x00000000f6a80000,0x00000000f6f18000,0x00000000f9380000)
  to   space 40448K, 0% used [0x00000000fc980000,0x00000000fc980000,0x00000000ff100000)
 ParOldGen       total 183296K, used 139525K [0x00000000a0000000, 0x00000000ab300000, 0x00000000e0000000)
  object space 183296K, 76% used [0x00000000a0000000,0x00000000a88415b8,0x00000000ab300000)
 Metaspace       used 90119K, capacity 94410K, committed 95272K, reserved 1132544K
  class space    used 11488K, capacity 12331K, committed 12584K, reserved 1048576K
Event: 21871.399 GC heap after
Heap after GC invocations=84 (full 6):
 PSYoungGen      total 458240K, used 9987K [0x00000000e0000000, 0x00000000fe980000, 0x0000000100000000)
  eden space 425472K, 0% used [0x00000000e0000000,0x00000000e0000000,0x00000000f9f80000)
  from space 32768K, 30% used [0x00000000fc980000,0x00000000fd340e30,0x00000000fe980000)
  to   space 37888K, 0% used [0x00000000f9f80000,0x00000000f9f80000,0x00000000fc480000)
 ParOldGen       total 183296K, used 143453K [0x00000000a0000000, 0x00000000ab300000, 0x00000000e0000000)
  object space 183296K, 78% used [0x00000000a0000000,0x00000000a8c175c8,0x00000000ab300000)
 Metaspace       used 90119K, capacity 94410K, committed 95272K, reserved 1132544K
  class space    used 11488K, capacity 12331K, committed 12584K, reserved 1048576K
}
Event: 21879.468 GC heap before
{Heap before GC invocations=85 (full 6):
 PSYoungGen      total 458240K, used 435459K [0x00000000e0000000, 0x00000000fe980000, 0x0000000100000000)
  eden space 425472K, 100% used [0x00000000e0000000,0x00000000f9f80000,0x00000000f9f80000)
  from space 32768K, 30% used [0x00000000fc980000,0x00000000fd340e30,0x00000000fe980000)
  to   space 37888K, 0% used [0x00000000f9f80000,0x00000000f9f80000,0x00000000fc480000)
 ParOldGen       total 183296K, used 143453K [0x00000000a0000000, 0x00000000ab300000, 0x00000000e0000000)
  object space 183296K, 78% used [0x00000000a0000000,0x00000000a8c175c8,0x00000000ab300000)
 Metaspace       used 90146K, capacity 94410K, committed 95272K, reserved 1132544K
  class space    used 11488K, capacity 12331K, committed 12584K, reserved 1048576K
Event: 21879.529 GC heap after
Heap after GC invocations=85 (full 6):
 PSYoungGen      total 463360K, used 6065K [0x00000000e0000000, 0x0000000100000000, 0x0000000100000000)
  eden space 425472K, 0% used [0x00000000e0000000,0x00000000e0000000,0x00000000f9f80000)
  from space 37888K, 16% used [0x00000000f9f80000,0x00000000fa56c5e0,0x00000000fc480000)
  to   space 36352K, 0% used [0x00000000fdc80000,0x00000000fdc80000,0x0000000100000000)
 ParOldGen       total 183296K, used 149575K [0x00000000a0000000, 0x00000000ab300000, 0x00000000e0000000)
  object space 183296K, 81% used [0x00000000a0000000,0x00000000a9211d90,0x00000000ab300000)
 Metaspace       used 90146K, capacity 94410K, committed 95272K, reserved 1132544K
  class space    used 11488K, capacity 12331K, committed 12584K, reserved 1048576K
}

