# JRE version: OpenJDK Runtime Environment (8.0_202-b03) (build 1.8.0_202-release-1483-b03)
# Java VM: OpenJDK 64-Bit Server VM (25.202-b03 mixed mode windows-amd64 compressed oops)
Heap:
 PSYoungGen      total 57344K, used 33855K [0x00000000e0000000, 0x00000000e3d80000, 0x0000000100000000)
  eden space 52736K, 64% used [0x00000000e0000000,0x00000000e210fd18,0x00000000e3380000)
  from space 4608K, 0% used [0x00000000e3900000,0x00000000e3900000,0x00000000e3d80000)
  to   space 5120K, 0% used [0x00000000e3380000,0x00000000e3380000,0x00000000e3880000)
 ParOldGen       total 30720K, used 8774K [0x00000000a0000000, 0x00000000a1e00000, 0x00000000e0000000)
  object space 30720K, 28% used [0x00000000a0000000,0x00000000a0891998,0x00000000a1e00000)
 Metaspace       used 26027K, capacity 26656K, committed 26880K, reserved 1073152K
  class space    used 3508K, capacity 3713K, committed 3840K, reserved 1048576K
GC Heap History (10 events):
Event: 66.961 GC heap before
{Heap before GC invocations=7 (full 0):
 PSYoungGen      total 21504K, used 20591K [0x00000000e0000000, 0x00000000e1a00000, 0x0000000100000000)
  eden space 16384K, 100% used [0x00000000e0000000,0x00000000e1000000,0x00000000e1000000)
  from space 5120K, 82% used [0x00000000e1500000,0x00000000e191bda8,0x00000000e1a00000)
  to   space 5120K, 0% used [0x00000000e1000000,0x00000000e1000000,0x00000000e1500000)
 ParOldGen       total 44032K, used 4542K [0x00000000a0000000, 0x00000000a2b00000, 0x00000000e0000000)
  object space 44032K, 10% used [0x00000000a0000000,0x00000000a046f938,0x00000000a2b00000)
 Metaspace       used 14546K, capacity 14992K, committed 15232K, reserved 1062912K
  class space    used 2041K, capacity 2164K, committed 2176K, reserved 1048576K
Event: 67.110 GC heap after
Heap after GC invocations=7 (full 0):
 PSYoungGen      total 21504K, used 3554K [0x00000000e0000000, 0x00000000e2a00000, 0x0000000100000000)
  eden space 16384K, 0% used [0x00000000e0000000,0x00000000e0000000,0x00000000e1000000)
  from space 5120K, 69% used [0x00000000e1000000,0x00000000e13788f0,0x00000000e1500000)
  to   space 5120K, 0% used [0x00000000e2500000,0x00000000e2500000,0x00000000e2a00000)
 ParOldGen       total 44032K, used 5531K [0x00000000a0000000, 0x00000000a2b00000, 0x00000000e0000000)
  object space 44032K, 12% used [0x00000000a0000000,0x00000000a0566d90,0x00000000a2b00000)
 Metaspace       used 14546K, capacity 14992K, committed 15232K, reserved 1062912K
  class space    used 2041K, capacity 2164K, committed 2176K, reserved 1048576K
}
Event: 69.530 GC heap before
{Heap before GC invocations=8 (full 0):
 PSYoungGen      total 21504K, used 19938K [0x00000000e0000000, 0x00000000e2a00000, 0x0000000100000000)
  eden space 16384K, 100% used [0x00000000e0000000,0x00000000e1000000,0x00000000e1000000)
  from space 5120K, 69% used [0x00000000e1000000,0x00000000e13788f0,0x00000000e1500000)
  to   space 5120K, 0% used [0x00000000e2500000,0x00000000e2500000,0x00000000e2a00000)
 ParOldGen       total 44032K, used 5531K [0x00000000a0000000, 0x00000000a2b00000, 0x00000000e0000000)
  object space 44032K, 12% used [0x00000000a0000000,0x00000000a0566d90,0x00000000a2b00000)
 Metaspace       used 16321K, capacity 16764K, committed 16896K, reserved 1062912K
  class space    used 2308K, capacity 2460K, committed 2560K, reserved 1048576K
Event: 69.541 GC heap after
Heap after GC invocations=8 (full 0):
 PSYoungGen      total 37888K, used 3798K [0x00000000e0000000, 0x00000000e2a00000, 0x0000000100000000)
  eden space 32768K, 0% used [0x00000000e0000000,0x00000000e0000000,0x00000000e2000000)
  from space 5120K, 74% used [0x00000000e2500000,0x00000000e28b5880,0x00000000e2a00000)
  to   space 5120K, 0% used [0x00000000e2000000,0x00000000e2000000,0x00000000e2500000)
 ParOldGen       total 44032K, used 6379K [0x00000000a0000000, 0x00000000a2b00000, 0x00000000e0000000)
  object space 44032K, 14% used [0x00000000a0000000,0x00000000a063adb0,0x00000000a2b00000)
 Metaspace       used 16321K, capacity 16764K, committed 16896K, reserved 1062912K
  class space    used 2308K, capacity 2460K, committed 2560K, reserved 1048576K
}
Event: 75.624 GC heap before
{Heap before GC invocations=9 (full 0):
 PSYoungGen      total 37888K, used 36566K [0x00000000e0000000, 0x00000000e2a00000, 0x0000000100000000)
  eden space 32768K, 100% used [0x00000000e0000000,0x00000000e2000000,0x00000000e2000000)
  from space 5120K, 74% used [0x00000000e2500000,0x00000000e28b5880,0x00000000e2a00000)
  to   space 5120K, 0% used [0x00000000e2000000,0x00000000e2000000,0x00000000e2500000)
 ParOldGen       total 44032K, used 6379K [0x00000000a0000000, 0x00000000a2b00000, 0x00000000e0000000)
  object space 44032K, 14% used [0x00000000a0000000,0x00000000a063adb0,0x00000000a2b00000)
 Metaspace       used 19095K, capacity 19670K, committed 19968K, reserved 1067008K
  class space    used 2766K, capacity 2965K, committed 3072K, reserved 1048576K
Event: 75.639 GC heap after
Heap after GC invocations=9 (full 0):
 PSYoungGen      total 37888K, used 5102K [0x00000000e0000000, 0x00000000e3e80000, 0x0000000100000000)
  eden space 32768K, 0% used [0x00000000e0000000,0x00000000e0000000,0x00000000e2000000)
  from space 5120K, 99% used [0x00000000e2000000,0x00000000e24fb908,0x00000000e2500000)
  to   space 5632K, 0% used [0x00000000e3900000,0x00000000e3900000,0x00000000e3e80000)
 ParOldGen       total 44032K, used 7271K [0x00000000a0000000, 0x00000000a2b00000, 0x00000000e0000000)
  object space 44032K, 16% used [0x00000000a0000000,0x00000000a0719e18,0x00000000a2b00000)
 Metaspace       used 19095K, capacity 19670K, committed 19968K, reserved 1067008K
  class space    used 2766K, capacity 2965K, committed 3072K, reserved 1048576K
}
Event: 78.166 GC heap before
{Heap before GC invocations=10 (full 0):
 PSYoungGen      total 37888K, used 17767K [0x00000000e0000000, 0x00000000e3e80000, 0x0000000100000000)
  eden space 32768K, 38% used [0x00000000e0000000,0x00000000e0c5e510,0x00000000e2000000)
  from space 5120K, 99% used [0x00000000e2000000,0x00000000e24fb908,0x00000000e2500000)
  to   space 5632K, 0% used [0x00000000e3900000,0x00000000e3900000,0x00000000e3e80000)
 ParOldGen       total 44032K, used 7271K [0x00000000a0000000, 0x00000000a2b00000, 0x00000000e0000000)
  object space 44032K, 16% used [0x00000000a0000000,0x00000000a0719e18,0x00000000a2b00000)
 Metaspace       used 20651K, capacity 21124K, committed 21296K, reserved 1067008K
  class space    used 2968K, capacity 3129K, committed 3200K, reserved 1048576K
Event: 78.181 GC heap after
Heap after GC invocations=10 (full 0):
 PSYoungGen      total 57344K, used 3744K [0x00000000e0000000, 0x00000000e3d80000, 0x0000000100000000)
  eden space 52736K, 0% used [0x00000000e0000000,0x00000000e0000000,0x00000000e3380000)
  from space 4608K, 81% used [0x00000000e3900000,0x00000000e3ca80b0,0x00000000e3d80000)
  to   space 5120K, 0% used [0x00000000e3380000,0x00000000e3380000,0x00000000e3880000)
 ParOldGen       total 44032K, used 8417K [0x00000000a0000000, 0x00000000a2b00000, 0x00000000e0000000)
  object space 44032K, 19% used [0x00000000a0000000,0x00000000a08386b0,0x00000000a2b00000)
 Metaspace       used 20651K, capacity 21124K, committed 21296K, reserved 1067008K
  class space    used 2968K, capacity 3129K, committed 3200K, reserved 1048576K
}
Event: 78.181 GC heap before
{Heap before GC invocations=11 (full 1):
 PSYoungGen      total 57344K, used 3744K [0x00000000e0000000, 0x00000000e3d80000, 0x0000000100000000)
  eden space 52736K, 0% used [0x00000000e0000000,0x00000000e0000000,0x00000000e3380000)
  from space 4608K, 81% used [0x00000000e3900000,0x00000000e3ca80b0,0x00000000e3d80000)
  to   space 5120K, 0% used [0x00000000e3380000,0x00000000e3380000,0x00000000e3880000)
 ParOldGen       total 44032K, used 8417K [0x00000000a0000000, 0x00000000a2b00000, 0x00000000e0000000)
  object space 44032K, 19% used [0x00000000a0000000,0x00000000a08386b0,0x00000000a2b00000)
 Metaspace       used 20651K, capacity 21124K, committed 21296K, reserved 1067008K
  class space    used 2968K, capacity 3129K, committed 3200K, reserved 1048576K
Event: 78.393 GC heap after
Heap after GC invocations=11 (full 1):
 PSYoungGen      total 57344K, used 0K [0x00000000e0000000, 0x00000000e3d80000, 0x0000000100000000)
  eden space 52736K, 0% used [0x00000000e0000000,0x00000000e0000000,0x00000000e3380000)
  from space 4608K, 0% used [0x00000000e3900000,0x00000000e3900000,0x00000000e3d80000)
  to   space 5120K, 0% used [0x00000000e3380000,0x00000000e3380000,0x00000000e3880000)
 ParOldGen       total 30720K, used 8774K [0x00000000a0000000, 0x00000000a1e00000, 0x00000000e0000000)
  object space 30720K, 28% used [0x00000000a0000000,0x00000000a0891998,0x00000000a1e00000)
 Metaspace       used 20651K, capacity 21124K, committed 21296K, reserved 1067008K
  class space    used 2968K, capacity 3129K, committed 3200K, reserved 1048576K
}

